2019-10-10 23:40:03 INFO  Assortment:20 - creating new Assortment...
2019-10-10 23:40:03 INFO  Consumer:21 - creating new Order...
2019-10-10 23:40:03 INFO  AssortmentServiceImp:21 - Show all Minerals
2019-10-10 23:42:55 INFO  Assortment:20 - creating new Assortment...
2019-10-10 23:42:55 INFO  Consumer:21 - creating new Order...
2019-10-10 23:42:55 INFO  AssortmentServiceImp:21 - Show all Minerals
2019-10-10 23:43:02 INFO  AssortmentServiceImp:50 - Show minerals by carats class com.project_01.oop.Service.AssortmentServiceImp
2019-10-10 23:43:04 INFO  AssortmentServiceImp:45 - Show minerals by transparensy
2019-10-10 23:43:04 INFO  AssortmentServiceImp:45 - Show minerals by transparensy
2019-10-10 23:43:04 INFO  AssortmentServiceImp:45 - Show minerals by transparensy
2019-10-11 00:11:15 INFO  Assortment:20 - creating new Assortment...
2019-10-11 00:12:57 INFO  Assortment:20 - creating new Assortment...
2019-10-11 00:14:29 INFO  Assortment:20 - creating new Assortment...
2019-10-11 00:23:56 INFO  Assortment:20 - creating new Assortment...
2019-10-11 00:24:44 INFO  Assortment:20 - creating new Assortment...
2019-10-11 00:25:19 INFO  Assortment:20 - creating new Assortment...
2019-10-11 00:34:49 INFO  Assortment:20 - creating new Assortment...
2019-10-11 00:42:04 INFO  Assortment:20 - creating new Assortment...
2019-10-11 00:43:10 INFO  Assortment:20 - creating new Assortment...
2019-10-11 00:43:56 INFO  Assortment:20 - creating new Assortment...
2019-10-11 00:47:00 INFO  Assortment:20 - creating new Assortment...
2019-10-11 00:47:57 INFO  Assortment:20 - creating new Assortment...
2019-10-11 00:49:51 INFO  Assortment:20 - creating new Assortment...
2019-10-11 00:49:54 INFO  Consumer:27 - creating new Order...
2019-10-11 00:49:54 INFO  AssortmentServiceImp:23 - Show all Minerals
2019-10-11 00:50:04 INFO  AssortmentServiceImp:52 - Show minerals by carats class com.project_01.oop.Service.AssortmentServiceImp
2019-10-11 00:50:07 INFO  AssortmentServiceImp:47 - Show minerals by transparensy
2019-10-16 19:14:31 INFO  Assortment:23 - creating new Assortment...
2019-10-16 19:14:31 INFO  Consumer:24 - creating new Order...
2019-10-16 19:14:31 INFO  AssortmentServiceImp:22 - Show all Minerals
